<?xml version="1.0" encoding="UTF-8"?>
<testsuite xmlns:xsi="http://www.w3.org/2001/XMLSchema-instance" xsi:noNamespaceSchemaLocation="https://maven.apache.org/surefire/maven-surefire-plugin/xsd/surefire-test-report-3.0.xsd" version="3.0" name="runner.TestRunner" time="148.412" tests="10" errors="0" skipped="0" failures="0">
  <properties>
    <property name="gopherProxySet" value="false"/>
    <property name="awt.toolkit" value="sun.lwawt.macosx.LWCToolkit"/>
    <property name="java.specification.version" value="11"/>
    <property name="sun.cpu.isalist" value=""/>
    <property name="sun.jnu.encoding" value="UTF-8"/>
    <property name="java.class.path" value="/Users/mdrashidulsunny/Documents/QA_Tek_Automation_All/Realtor_Automation_Project/target/test-classes:/Users/mdrashidulsunny/Documents/QA_Tek_Automation_All/Realtor_Automation_Project/target/classes:/Users/mdrashidulsunny/.m2/repository/org/seleniumhq/selenium/selenium-java/4.0.0/selenium-java-4.0.0.jar:/Users/mdrashidulsunny/.m2/repository/org/seleniumhq/selenium/selenium-api/4.0.0/selenium-api-4.0.0.jar:/Users/mdrashidulsunny/.m2/repository/org/seleniumhq/selenium/selenium-chrome-driver/4.0.0/selenium-chrome-driver-4.0.0.jar:/Users/mdrashidulsunny/.m2/repository/com/google/auto/service/auto-service-annotations/1.0/auto-service-annotations-1.0.jar:/Users/mdrashidulsunny/.m2/repository/com/google/auto/service/auto-service/1.0/auto-service-1.0.jar:/Users/mdrashidulsunny/.m2/repository/com/google/auto/auto-common/1.0/auto-common-1.0.jar:/Users/mdrashidulsunny/.m2/repository/org/seleniumhq/selenium/selenium-chromium-driver/4.0.0/selenium-chromium-driver-4.0.0.jar:/Users/mdrashidulsunny/.m2/repository/org/seleniumhq/selenium/selenium-json/4.0.0/selenium-json-4.0.0.jar:/Users/mdrashidulsunny/.m2/repository/org/seleniumhq/selenium/selenium-devtools-v85/4.0.0/selenium-devtools-v85-4.0.0.jar:/Users/mdrashidulsunny/.m2/repository/org/seleniumhq/selenium/selenium-devtools-v93/4.0.0/selenium-devtools-v93-4.0.0.jar:/Users/mdrashidulsunny/.m2/repository/org/seleniumhq/selenium/selenium-devtools-v94/4.0.0/selenium-devtools-v94-4.0.0.jar:/Users/mdrashidulsunny/.m2/repository/org/seleniumhq/selenium/selenium-devtools-v95/4.0.0/selenium-devtools-v95-4.0.0.jar:/Users/mdrashidulsunny/.m2/repository/org/seleniumhq/selenium/selenium-edge-driver/4.0.0/selenium-edge-driver-4.0.0.jar:/Users/mdrashidulsunny/.m2/repository/org/seleniumhq/selenium/selenium-firefox-driver/4.0.0/selenium-firefox-driver-4.0.0.jar:/Users/mdrashidulsunny/.m2/repository/org/seleniumhq/selenium/selenium-firefox-xpi-driver/4.0.0/selenium-firefox-xpi-driver-4.0.0.jar:/Users/mdrashidulsunny/.m2/repository/org/seleniumhq/selenium/selenium-ie-driver/4.0.0/selenium-ie-driver-4.0.0.jar:/Users/mdrashidulsunny/.m2/repository/org/seleniumhq/selenium/selenium-opera-driver/4.0.0/selenium-opera-driver-4.0.0.jar:/Users/mdrashidulsunny/.m2/repository/org/seleniumhq/selenium/selenium-remote-driver/4.0.0/selenium-remote-driver-4.0.0.jar:/Users/mdrashidulsunny/.m2/repository/com/beust/jcommander/1.81/jcommander-1.81.jar:/Users/mdrashidulsunny/.m2/repository/io/netty/netty-buffer/4.1.68.Final/netty-buffer-4.1.68.Final.jar:/Users/mdrashidulsunny/.m2/repository/io/netty/netty-codec-http/4.1.67.Final/netty-codec-http-4.1.67.Final.jar:/Users/mdrashidulsunny/.m2/repository/io/netty/netty-codec/4.1.67.Final/netty-codec-4.1.67.Final.jar:/Users/mdrashidulsunny/.m2/repository/io/netty/netty-handler/4.1.67.Final/netty-handler-4.1.67.Final.jar:/Users/mdrashidulsunny/.m2/repository/io/netty/netty-common/4.1.68.Final/netty-common-4.1.68.Final.jar:/Users/mdrashidulsunny/.m2/repository/io/netty/netty-transport-native-epoll/4.1.67.Final/netty-transport-native-epoll-4.1.67.Final.jar:/Users/mdrashidulsunny/.m2/repository/io/netty/netty-transport-native-kqueue/4.1.67.Final/netty-transport-native-kqueue-4.1.67.Final.jar:/Users/mdrashidulsunny/.m2/repository/io/netty/netty-transport-native-unix-common/4.1.67.Final/netty-transport-native-unix-common-4.1.67.Final.jar:/Users/mdrashidulsunny/.m2/repository/io/netty/netty-transport/4.1.68.Final/netty-transport-4.1.68.Final.jar:/Users/mdrashidulsunny/.m2/repository/io/netty/netty-resolver/4.1.68.Final/netty-resolver-4.1.68.Final.jar:/Users/mdrashidulsunny/.m2/repository/io/opentelemetry/opentelemetry-api/1.6.0/opentelemetry-api-1.6.0.jar:/Users/mdrashidulsunny/.m2/repository/io/opentelemetry/opentelemetry-context/1.6.0/opentelemetry-context-1.6.0.jar:/Users/mdrashidulsunny/.m2/repository/io/opentelemetry/opentelemetry-exporter-logging/1.6.0/opentelemetry-exporter-logging-1.6.0.jar:/Users/mdrashidulsunny/.m2/repository/io/opentelemetry/opentelemetry-sdk-metrics/1.6.0-alpha/opentelemetry-sdk-metrics-1.6.0-alpha.jar:/Users/mdrashidulsunny/.m2/repository/io/opentelemetry/opentelemetry-sdk-common/1.6.0/opentelemetry-sdk-common-1.6.0.jar:/Users/mdrashidulsunny/.m2/repository/io/opentelemetry/opentelemetry-sdk-extension-autoconfigure-spi/1.6.0/opentelemetry-sdk-extension-autoconfigure-spi-1.6.0.jar:/Users/mdrashidulsunny/.m2/repository/io/opentelemetry/opentelemetry-sdk-extension-autoconfigure/1.6.0-alpha/opentelemetry-sdk-extension-autoconfigure-1.6.0-alpha.jar:/Users/mdrashidulsunny/.m2/repository/io/opentelemetry/opentelemetry-sdk-trace/1.6.0/opentelemetry-sdk-trace-1.6.0.jar:/Users/mdrashidulsunny/.m2/repository/io/opentelemetry/opentelemetry-api-metrics/1.6.0-alpha/opentelemetry-api-metrics-1.6.0-alpha.jar:/Users/mdrashidulsunny/.m2/repository/io/opentelemetry/opentelemetry-sdk/1.6.0/opentelemetry-sdk-1.6.0.jar:/Users/mdrashidulsunny/.m2/repository/io/opentelemetry/opentelemetry-semconv/1.6.0-alpha/opentelemetry-semconv-1.6.0-alpha.jar:/Users/mdrashidulsunny/.m2/repository/io/ous/jtoml/2.0.0/jtoml-2.0.0.jar:/Users/mdrashidulsunny/.m2/repository/net/bytebuddy/byte-buddy/1.11.19/byte-buddy-1.11.19.jar:/Users/mdrashidulsunny/.m2/repository/org/apache/commons/commons-exec/1.3/commons-exec-1.3.jar:/Users/mdrashidulsunny/.m2/repository/org/asynchttpclient/async-http-client/2.12.3/async-http-client-2.12.3.jar:/Users/mdrashidulsunny/.m2/repository/org/asynchttpclient/async-http-client-netty-utils/2.12.3/async-http-client-netty-utils-2.12.3.jar:/Users/mdrashidulsunny/.m2/repository/io/netty/netty-codec-socks/4.1.60.Final/netty-codec-socks-4.1.60.Final.jar:/Users/mdrashidulsunny/.m2/repository/io/netty/netty-handler-proxy/4.1.60.Final/netty-handler-proxy-4.1.60.Final.jar:/Users/mdrashidulsunny/.m2/repository/io/netty/netty-transport-native-epoll/4.1.60.Final/netty-transport-native-epoll-4.1.60.Final-linux-x86_64.jar:/Users/mdrashidulsunny/.m2/repository/io/netty/netty-transport-native-kqueue/4.1.60.Final/netty-transport-native-kqueue-4.1.60.Final-osx-x86_64.jar:/Users/mdrashidulsunny/.m2/repository/org/reactivestreams/reactive-streams/1.0.3/reactive-streams-1.0.3.jar:/Users/mdrashidulsunny/.m2/repository/com/typesafe/netty/netty-reactive-streams/2.0.4/netty-reactive-streams-2.0.4.jar:/Users/mdrashidulsunny/.m2/repository/com/sun/activation/jakarta.activation/1.2.2/jakarta.activation-1.2.2.jar:/Users/mdrashidulsunny/.m2/repository/org/seleniumhq/selenium/selenium-http/4.0.0/selenium-http-4.0.0.jar:/Users/mdrashidulsunny/.m2/repository/org/seleniumhq/selenium/selenium-safari-driver/4.0.0/selenium-safari-driver-4.0.0.jar:/Users/mdrashidulsunny/.m2/repository/org/seleniumhq/selenium/selenium-support/4.0.0/selenium-support-4.0.0.jar:/Users/mdrashidulsunny/.m2/repository/io/github/bonigarcia/webdrivermanager/5.0.3/webdrivermanager-5.0.3.jar:/Users/mdrashidulsunny/.m2/repository/org/slf4j/slf4j-api/1.7.32/slf4j-api-1.7.32.jar:/Users/mdrashidulsunny/.m2/repository/com/google/code/gson/gson/2.8.8/gson-2.8.8.jar:/Users/mdrashidulsunny/.m2/repository/org/jsoup/jsoup/1.14.2/jsoup-1.14.2.jar:/Users/mdrashidulsunny/.m2/repository/com/github/docker-java/docker-java/3.2.12/docker-java-3.2.12.jar:/Users/mdrashidulsunny/.m2/repository/com/github/docker-java/docker-java-core/3.2.12/docker-java-core-3.2.12.jar:/Users/mdrashidulsunny/.m2/repository/com/github/docker-java/docker-java-api/3.2.12/docker-java-api-3.2.12.jar:/Users/mdrashidulsunny/.m2/repository/org/apache/commons/commons-compress/1.21/commons-compress-1.21.jar:/Users/mdrashidulsunny/.m2/repository/org/bouncycastle/bcpkix-jdk15on/1.64/bcpkix-jdk15on-1.64.jar:/Users/mdrashidulsunny/.m2/repository/org/bouncycastle/bcprov-jdk15on/1.64/bcprov-jdk15on-1.64.jar:/Users/mdrashidulsunny/.m2/repository/org/slf4j/jcl-over-slf4j/1.7.30/jcl-over-slf4j-1.7.30.jar:/Users/mdrashidulsunny/.m2/repository/com/github/docker-java/docker-java-transport-httpclient5/3.2.12/docker-java-transport-httpclient5-3.2.12.jar:/Users/mdrashidulsunny/.m2/repository/com/github/docker-java/docker-java-transport/3.2.12/docker-java-transport-3.2.12.jar:/Users/mdrashidulsunny/.m2/repository/org/apache/httpcomponents/client5/httpclient5/5.0.3/httpclient5-5.0.3.jar:/Users/mdrashidulsunny/.m2/repository/org/apache/httpcomponents/core5/httpcore5/5.0.2/httpcore5-5.0.2.jar:/Users/mdrashidulsunny/.m2/repository/commons-codec/commons-codec/1.13/commons-codec-1.13.jar:/Users/mdrashidulsunny/.m2/repository/net/java/dev/jna/jna/5.8.0/jna-5.8.0.jar:/Users/mdrashidulsunny/.m2/repository/com/google/guava/guava/30.1.1-jre/guava-30.1.1-jre.jar:/Users/mdrashidulsunny/.m2/repository/com/google/guava/failureaccess/1.0.1/failureaccess-1.0.1.jar:/Users/mdrashidulsunny/.m2/repository/com/google/guava/listenablefuture/9999.0-empty-to-avoid-conflict-with-guava/listenablefuture-9999.0-empty-to-avoid-conflict-with-guava.jar:/Users/mdrashidulsunny/.m2/repository/com/google/code/findbugs/jsr305/3.0.2/jsr305-3.0.2.jar:/Users/mdrashidulsunny/.m2/repository/org/checkerframework/checker-qual/3.8.0/checker-qual-3.8.0.jar:/Users/mdrashidulsunny/.m2/repository/com/google/errorprone/error_prone_annotations/2.5.1/error_prone_annotations-2.5.1.jar:/Users/mdrashidulsunny/.m2/repository/com/google/j2objc/j2objc-annotations/1.3/j2objc-annotations-1.3.jar:/Users/mdrashidulsunny/.m2/repository/org/brotli/dec/0.1.2/dec-0.1.2.jar:/Users/mdrashidulsunny/.m2/repository/org/apache/logging/log4j/log4j-api/2.15.0/log4j-api-2.15.0.jar:/Users/mdrashidulsunny/.m2/repository/org/apache/logging/log4j/log4j-core/2.15.0/log4j-core-2.15.0.jar:/Users/mdrashidulsunny/.m2/repository/io/qameta/allure/allure-testng/2.16.1/allure-testng-2.16.1.jar:/Users/mdrashidulsunny/.m2/repository/io/qameta/allure/allure-java-commons/2.16.1/allure-java-commons-2.16.1.jar:/Users/mdrashidulsunny/.m2/repository/io/qameta/allure/allure-model/2.16.1/allure-model-2.16.1.jar:/Users/mdrashidulsunny/.m2/repository/org/testng/testng/6.14.3/testng-6.14.3.jar:/Users/mdrashidulsunny/.m2/repository/org/apache-extras/beanshell/bsh/2.0b6/bsh-2.0b6.jar:/Users/mdrashidulsunny/.m2/repository/io/qameta/allure/allure-test-filter/2.16.1/allure-test-filter-2.16.1.jar:/Users/mdrashidulsunny/.m2/repository/io/cucumber/cucumber-java/7.1.0/cucumber-java-7.1.0.jar:/Users/mdrashidulsunny/.m2/repository/io/cucumber/cucumber-core/7.1.0/cucumber-core-7.1.0.jar:/Users/mdrashidulsunny/.m2/repository/io/cucumber/cucumber-gherkin/7.1.0/cucumber-gherkin-7.1.0.jar:/Users/mdrashidulsunny/.m2/repository/io/cucumber/cucumber-gherkin-messages/7.1.0/cucumber-gherkin-messages-7.1.0.jar:/Users/mdrashidulsunny/.m2/repository/io/cucumber/messages/17.1.1/messages-17.1.1.jar:/Users/mdrashidulsunny/.m2/repository/io/cucumber/tag-expressions/4.1.0/tag-expressions-4.1.0.jar:/Users/mdrashidulsunny/.m2/repository/io/cucumber/cucumber-expressions/13.0.1/cucumber-expressions-13.0.1.jar:/Users/mdrashidulsunny/.m2/repository/io/cucumber/datatable/7.1.0/datatable-7.1.0.jar:/Users/mdrashidulsunny/.m2/repository/io/cucumber/cucumber-plugin/7.1.0/cucumber-plugin-7.1.0.jar:/Users/mdrashidulsunny/.m2/repository/io/cucumber/docstring/7.1.0/docstring-7.1.0.jar:/Users/mdrashidulsunny/.m2/repository/io/cucumber/html-formatter/17.0.0/html-formatter-17.0.0.jar:/Users/mdrashidulsunny/.m2/repository/io/cucumber/create-meta/6.0.4/create-meta-6.0.4.jar:/Users/mdrashidulsunny/.m2/repository/org/apiguardian/apiguardian-api/1.1.2/apiguardian-api-1.1.2.jar:/Users/mdrashidulsunny/.m2/repository/io/cucumber/cucumber-junit/7.1.0/cucumber-junit-7.1.0.jar:/Users/mdrashidulsunny/.m2/repository/junit/junit/4.13.2/junit-4.13.2.jar:/Users/mdrashidulsunny/.m2/repository/org/hamcrest/hamcrest-core/1.3/hamcrest-core-1.3.jar:/Users/mdrashidulsunny/.m2/repository/org/junit/jupiter/junit-jupiter-api/5.8.2/junit-jupiter-api-5.8.2.jar:/Users/mdrashidulsunny/.m2/repository/org/opentest4j/opentest4j/1.2.0/opentest4j-1.2.0.jar:/Users/mdrashidulsunny/.m2/repository/org/junit/platform/junit-platform-commons/1.8.2/junit-platform-commons-1.8.2.jar:/Users/mdrashidulsunny/.m2/repository/net/masterthought/cucumber-reporting/5.6.1/cucumber-reporting-5.6.1.jar:/Users/mdrashidulsunny/.m2/repository/com/fasterxml/jackson/core/jackson-databind/2.12.1/jackson-databind-2.12.1.jar:/Users/mdrashidulsunny/.m2/repository/com/fasterxml/jackson/core/jackson-annotations/2.12.1/jackson-annotations-2.12.1.jar:/Users/mdrashidulsunny/.m2/repository/com/fasterxml/jackson/core/jackson-core/2.12.1/jackson-core-2.12.1.jar:/Users/mdrashidulsunny/.m2/repository/com/fasterxml/jackson/datatype/jackson-datatype-jsr310/2.12.1/jackson-datatype-jsr310-2.12.1.jar:/Users/mdrashidulsunny/.m2/repository/org/apache/velocity/velocity-engine-core/2.3/velocity-engine-core-2.3.jar:/Users/mdrashidulsunny/.m2/repository/commons-collections/commons-collections/3.2.2/commons-collections-3.2.2.jar:/Users/mdrashidulsunny/.m2/repository/joda-time/joda-time/2.10.10/joda-time-2.10.10.jar:/Users/mdrashidulsunny/.m2/repository/org/apache/commons/commons-lang3/3.12.0/commons-lang3-3.12.0.jar:/Users/mdrashidulsunny/.m2/repository/commons-io/commons-io/2.7/commons-io-2.7.jar:/Users/mdrashidulsunny/.m2/repository/org/codehaus/plexus/plexus-utils/3.3.0/plexus-utils-3.3.0.jar:/Users/mdrashidulsunny/.m2/repository/com/googlecode/owasp-java-html-sanitizer/owasp-java-html-sanitizer/20211018.2/owasp-java-html-sanitizer-20211018.2.jar:/Users/mdrashidulsunny/.m2/repository/commons-configuration/commons-configuration/1.10/commons-configuration-1.10.jar:/Users/mdrashidulsunny/.m2/repository/commons-lang/commons-lang/2.6/commons-lang-2.6.jar:/Users/mdrashidulsunny/.m2/repository/commons-logging/commons-logging/1.1.1/commons-logging-1.1.1.jar:"/>
    <property name="java.vm.vendor" value="Oracle Corporation"/>
    <property name="sun.arch.data.model" value="64"/>
    <property name="java.vendor.url" value="https://openjdk.java.net/"/>
    <property name="user.timezone" value="America/New_York"/>
    <property name="java.vm.specification.version" value="11"/>
    <property name="os.name" value="Mac OS X"/>
    <property name="sun.java.launcher" value="SUN_STANDARD"/>
    <property name="user.country" value="US"/>
    <property name="sun.boot.library.path" value="/Library/Java/JavaVirtualMachines/jdk-11.0.13.jdk/Contents/Home/lib"/>
    <property name="sun.java.command" value="/Users/mdrashidulsunny/Documents/QA_Tek_Automation_All/Realtor_Automation_Project/target/surefire/surefirebooter3706623932057404046.jar /Users/mdrashidulsunny/Documents/QA_Tek_Automation_All/Realtor_Automation_Project/target/surefire 2022-01-09T17-24-34_558-jvmRun1 surefire8644283343503522691tmp surefire_017616792613281316253tmp"/>
    <property name="http.nonProxyHosts" value="local|*.local|169.254/16|*.169.254/16"/>
    <property name="jdk.debug" value="release"/>
    <property name="surefire.test.class.path" value="/Users/mdrashidulsunny/Documents/QA_Tek_Automation_All/Realtor_Automation_Project/target/test-classes:/Users/mdrashidulsunny/Documents/QA_Tek_Automation_All/Realtor_Automation_Project/target/classes:/Users/mdrashidulsunny/.m2/repository/org/seleniumhq/selenium/selenium-java/4.0.0/selenium-java-4.0.0.jar:/Users/mdrashidulsunny/.m2/repository/org/seleniumhq/selenium/selenium-api/4.0.0/selenium-api-4.0.0.jar:/Users/mdrashidulsunny/.m2/repository/org/seleniumhq/selenium/selenium-chrome-driver/4.0.0/selenium-chrome-driver-4.0.0.jar:/Users/mdrashidulsunny/.m2/repository/com/google/auto/service/auto-service-annotations/1.0/auto-service-annotations-1.0.jar:/Users/mdrashidulsunny/.m2/repository/com/google/auto/service/auto-service/1.0/auto-service-1.0.jar:/Users/mdrashidulsunny/.m2/repository/com/google/auto/auto-common/1.0/auto-common-1.0.jar:/Users/mdrashidulsunny/.m2/repository/org/seleniumhq/selenium/selenium-chromium-driver/4.0.0/selenium-chromium-driver-4.0.0.jar:/Users/mdrashidulsunny/.m2/repository/org/seleniumhq/selenium/selenium-json/4.0.0/selenium-json-4.0.0.jar:/Users/mdrashidulsunny/.m2/repository/org/seleniumhq/selenium/selenium-devtools-v85/4.0.0/selenium-devtools-v85-4.0.0.jar:/Users/mdrashidulsunny/.m2/repository/org/seleniumhq/selenium/selenium-devtools-v93/4.0.0/selenium-devtools-v93-4.0.0.jar:/Users/mdrashidulsunny/.m2/repository/org/seleniumhq/selenium/selenium-devtools-v94/4.0.0/selenium-devtools-v94-4.0.0.jar:/Users/mdrashidulsunny/.m2/repository/org/seleniumhq/selenium/selenium-devtools-v95/4.0.0/selenium-devtools-v95-4.0.0.jar:/Users/mdrashidulsunny/.m2/repository/org/seleniumhq/selenium/selenium-edge-driver/4.0.0/selenium-edge-driver-4.0.0.jar:/Users/mdrashidulsunny/.m2/repository/org/seleniumhq/selenium/selenium-firefox-driver/4.0.0/selenium-firefox-driver-4.0.0.jar:/Users/mdrashidulsunny/.m2/repository/org/seleniumhq/selenium/selenium-firefox-xpi-driver/4.0.0/selenium-firefox-xpi-driver-4.0.0.jar:/Users/mdrashidulsunny/.m2/repository/org/seleniumhq/selenium/selenium-ie-driver/4.0.0/selenium-ie-driver-4.0.0.jar:/Users/mdrashidulsunny/.m2/repository/org/seleniumhq/selenium/selenium-opera-driver/4.0.0/selenium-opera-driver-4.0.0.jar:/Users/mdrashidulsunny/.m2/repository/org/seleniumhq/selenium/selenium-remote-driver/4.0.0/selenium-remote-driver-4.0.0.jar:/Users/mdrashidulsunny/.m2/repository/com/beust/jcommander/1.81/jcommander-1.81.jar:/Users/mdrashidulsunny/.m2/repository/io/netty/netty-buffer/4.1.68.Final/netty-buffer-4.1.68.Final.jar:/Users/mdrashidulsunny/.m2/repository/io/netty/netty-codec-http/4.1.67.Final/netty-codec-http-4.1.67.Final.jar:/Users/mdrashidulsunny/.m2/repository/io/netty/netty-codec/4.1.67.Final/netty-codec-4.1.67.Final.jar:/Users/mdrashidulsunny/.m2/repository/io/netty/netty-handler/4.1.67.Final/netty-handler-4.1.67.Final.jar:/Users/mdrashidulsunny/.m2/repository/io/netty/netty-common/4.1.68.Final/netty-common-4.1.68.Final.jar:/Users/mdrashidulsunny/.m2/repository/io/netty/netty-transport-native-epoll/4.1.67.Final/netty-transport-native-epoll-4.1.67.Final.jar:/Users/mdrashidulsunny/.m2/repository/io/netty/netty-transport-native-kqueue/4.1.67.Final/netty-transport-native-kqueue-4.1.67.Final.jar:/Users/mdrashidulsunny/.m2/repository/io/netty/netty-transport-native-unix-common/4.1.67.Final/netty-transport-native-unix-common-4.1.67.Final.jar:/Users/mdrashidulsunny/.m2/repository/io/netty/netty-transport/4.1.68.Final/netty-transport-4.1.68.Final.jar:/Users/mdrashidulsunny/.m2/repository/io/netty/netty-resolver/4.1.68.Final/netty-resolver-4.1.68.Final.jar:/Users/mdrashidulsunny/.m2/repository/io/opentelemetry/opentelemetry-api/1.6.0/opentelemetry-api-1.6.0.jar:/Users/mdrashidulsunny/.m2/repository/io/opentelemetry/opentelemetry-context/1.6.0/opentelemetry-context-1.6.0.jar:/Users/mdrashidulsunny/.m2/repository/io/opentelemetry/opentelemetry-exporter-logging/1.6.0/opentelemetry-exporter-logging-1.6.0.jar:/Users/mdrashidulsunny/.m2/repository/io/opentelemetry/opentelemetry-sdk-metrics/1.6.0-alpha/opentelemetry-sdk-metrics-1.6.0-alpha.jar:/Users/mdrashidulsunny/.m2/repository/io/opentelemetry/opentelemetry-sdk-common/1.6.0/opentelemetry-sdk-common-1.6.0.jar:/Users/mdrashidulsunny/.m2/repository/io/opentelemetry/opentelemetry-sdk-extension-autoconfigure-spi/1.6.0/opentelemetry-sdk-extension-autoconfigure-spi-1.6.0.jar:/Users/mdrashidulsunny/.m2/repository/io/opentelemetry/opentelemetry-sdk-extension-autoconfigure/1.6.0-alpha/opentelemetry-sdk-extension-autoconfigure-1.6.0-alpha.jar:/Users/mdrashidulsunny/.m2/repository/io/opentelemetry/opentelemetry-sdk-trace/1.6.0/opentelemetry-sdk-trace-1.6.0.jar:/Users/mdrashidulsunny/.m2/repository/io/opentelemetry/opentelemetry-api-metrics/1.6.0-alpha/opentelemetry-api-metrics-1.6.0-alpha.jar:/Users/mdrashidulsunny/.m2/repository/io/opentelemetry/opentelemetry-sdk/1.6.0/opentelemetry-sdk-1.6.0.jar:/Users/mdrashidulsunny/.m2/repository/io/opentelemetry/opentelemetry-semconv/1.6.0-alpha/opentelemetry-semconv-1.6.0-alpha.jar:/Users/mdrashidulsunny/.m2/repository/io/ous/jtoml/2.0.0/jtoml-2.0.0.jar:/Users/mdrashidulsunny/.m2/repository/net/bytebuddy/byte-buddy/1.11.19/byte-buddy-1.11.19.jar:/Users/mdrashidulsunny/.m2/repository/org/apache/commons/commons-exec/1.3/commons-exec-1.3.jar:/Users/mdrashidulsunny/.m2/repository/org/asynchttpclient/async-http-client/2.12.3/async-http-client-2.12.3.jar:/Users/mdrashidulsunny/.m2/repository/org/asynchttpclient/async-http-client-netty-utils/2.12.3/async-http-client-netty-utils-2.12.3.jar:/Users/mdrashidulsunny/.m2/repository/io/netty/netty-codec-socks/4.1.60.Final/netty-codec-socks-4.1.60.Final.jar:/Users/mdrashidulsunny/.m2/repository/io/netty/netty-handler-proxy/4.1.60.Final/netty-handler-proxy-4.1.60.Final.jar:/Users/mdrashidulsunny/.m2/repository/io/netty/netty-transport-native-epoll/4.1.60.Final/netty-transport-native-epoll-4.1.60.Final-linux-x86_64.jar:/Users/mdrashidulsunny/.m2/repository/io/netty/netty-transport-native-kqueue/4.1.60.Final/netty-transport-native-kqueue-4.1.60.Final-osx-x86_64.jar:/Users/mdrashidulsunny/.m2/repository/org/reactivestreams/reactive-streams/1.0.3/reactive-streams-1.0.3.jar:/Users/mdrashidulsunny/.m2/repository/com/typesafe/netty/netty-reactive-streams/2.0.4/netty-reactive-streams-2.0.4.jar:/Users/mdrashidulsunny/.m2/repository/com/sun/activation/jakarta.activation/1.2.2/jakarta.activation-1.2.2.jar:/Users/mdrashidulsunny/.m2/repository/org/seleniumhq/selenium/selenium-http/4.0.0/selenium-http-4.0.0.jar:/Users/mdrashidulsunny/.m2/repository/org/seleniumhq/selenium/selenium-safari-driver/4.0.0/selenium-safari-driver-4.0.0.jar:/Users/mdrashidulsunny/.m2/repository/org/seleniumhq/selenium/selenium-support/4.0.0/selenium-support-4.0.0.jar:/Users/mdrashidulsunny/.m2/repository/io/github/bonigarcia/webdrivermanager/5.0.3/webdrivermanager-5.0.3.jar:/Users/mdrashidulsunny/.m2/repository/org/slf4j/slf4j-api/1.7.32/slf4j-api-1.7.32.jar:/Users/mdrashidulsunny/.m2/repository/com/google/code/gson/gson/2.8.8/gson-2.8.8.jar:/Users/mdrashidulsunny/.m2/repository/org/jsoup/jsoup/1.14.2/jsoup-1.14.2.jar:/Users/mdrashidulsunny/.m2/repository/com/github/docker-java/docker-java/3.2.12/docker-java-3.2.12.jar:/Users/mdrashidulsunny/.m2/repository/com/github/docker-java/docker-java-core/3.2.12/docker-java-core-3.2.12.jar:/Users/mdrashidulsunny/.m2/repository/com/github/docker-java/docker-java-api/3.2.12/docker-java-api-3.2.12.jar:/Users/mdrashidulsunny/.m2/repository/org/apache/commons/commons-compress/1.21/commons-compress-1.21.jar:/Users/mdrashidulsunny/.m2/repository/org/bouncycastle/bcpkix-jdk15on/1.64/bcpkix-jdk15on-1.64.jar:/Users/mdrashidulsunny/.m2/repository/org/bouncycastle/bcprov-jdk15on/1.64/bcprov-jdk15on-1.64.jar:/Users/mdrashidulsunny/.m2/repository/org/slf4j/jcl-over-slf4j/1.7.30/jcl-over-slf4j-1.7.30.jar:/Users/mdrashidulsunny/.m2/repository/com/github/docker-java/docker-java-transport-httpclient5/3.2.12/docker-java-transport-httpclient5-3.2.12.jar:/Users/mdrashidulsunny/.m2/repository/com/github/docker-java/docker-java-transport/3.2.12/docker-java-transport-3.2.12.jar:/Users/mdrashidulsunny/.m2/repository/org/apache/httpcomponents/client5/httpclient5/5.0.3/httpclient5-5.0.3.jar:/Users/mdrashidulsunny/.m2/repository/org/apache/httpcomponents/core5/httpcore5/5.0.2/httpcore5-5.0.2.jar:/Users/mdrashidulsunny/.m2/repository/commons-codec/commons-codec/1.13/commons-codec-1.13.jar:/Users/mdrashidulsunny/.m2/repository/net/java/dev/jna/jna/5.8.0/jna-5.8.0.jar:/Users/mdrashidulsunny/.m2/repository/com/google/guava/guava/30.1.1-jre/guava-30.1.1-jre.jar:/Users/mdrashidulsunny/.m2/repository/com/google/guava/failureaccess/1.0.1/failureaccess-1.0.1.jar:/Users/mdrashidulsunny/.m2/repository/com/google/guava/listenablefuture/9999.0-empty-to-avoid-conflict-with-guava/listenablefuture-9999.0-empty-to-avoid-conflict-with-guava.jar:/Users/mdrashidulsunny/.m2/repository/com/google/code/findbugs/jsr305/3.0.2/jsr305-3.0.2.jar:/Users/mdrashidulsunny/.m2/repository/org/checkerframework/checker-qual/3.8.0/checker-qual-3.8.0.jar:/Users/mdrashidulsunny/.m2/repository/com/google/errorprone/error_prone_annotations/2.5.1/error_prone_annotations-2.5.1.jar:/Users/mdrashidulsunny/.m2/repository/com/google/j2objc/j2objc-annotations/1.3/j2objc-annotations-1.3.jar:/Users/mdrashidulsunny/.m2/repository/org/brotli/dec/0.1.2/dec-0.1.2.jar:/Users/mdrashidulsunny/.m2/repository/org/apache/logging/log4j/log4j-api/2.15.0/log4j-api-2.15.0.jar:/Users/mdrashidulsunny/.m2/repository/org/apache/logging/log4j/log4j-core/2.15.0/log4j-core-2.15.0.jar:/Users/mdrashidulsunny/.m2/repository/io/qameta/allure/allure-testng/2.16.1/allure-testng-2.16.1.jar:/Users/mdrashidulsunny/.m2/repository/io/qameta/allure/allure-java-commons/2.16.1/allure-java-commons-2.16.1.jar:/Users/mdrashidulsunny/.m2/repository/io/qameta/allure/allure-model/2.16.1/allure-model-2.16.1.jar:/Users/mdrashidulsunny/.m2/repository/org/testng/testng/6.14.3/testng-6.14.3.jar:/Users/mdrashidulsunny/.m2/repository/org/apache-extras/beanshell/bsh/2.0b6/bsh-2.0b6.jar:/Users/mdrashidulsunny/.m2/repository/io/qameta/allure/allure-test-filter/2.16.1/allure-test-filter-2.16.1.jar:/Users/mdrashidulsunny/.m2/repository/io/cucumber/cucumber-java/7.1.0/cucumber-java-7.1.0.jar:/Users/mdrashidulsunny/.m2/repository/io/cucumber/cucumber-core/7.1.0/cucumber-core-7.1.0.jar:/Users/mdrashidulsunny/.m2/repository/io/cucumber/cucumber-gherkin/7.1.0/cucumber-gherkin-7.1.0.jar:/Users/mdrashidulsunny/.m2/repository/io/cucumber/cucumber-gherkin-messages/7.1.0/cucumber-gherkin-messages-7.1.0.jar:/Users/mdrashidulsunny/.m2/repository/io/cucumber/messages/17.1.1/messages-17.1.1.jar:/Users/mdrashidulsunny/.m2/repository/io/cucumber/tag-expressions/4.1.0/tag-expressions-4.1.0.jar:/Users/mdrashidulsunny/.m2/repository/io/cucumber/cucumber-expressions/13.0.1/cucumber-expressions-13.0.1.jar:/Users/mdrashidulsunny/.m2/repository/io/cucumber/datatable/7.1.0/datatable-7.1.0.jar:/Users/mdrashidulsunny/.m2/repository/io/cucumber/cucumber-plugin/7.1.0/cucumber-plugin-7.1.0.jar:/Users/mdrashidulsunny/.m2/repository/io/cucumber/docstring/7.1.0/docstring-7.1.0.jar:/Users/mdrashidulsunny/.m2/repository/io/cucumber/html-formatter/17.0.0/html-formatter-17.0.0.jar:/Users/mdrashidulsunny/.m2/repository/io/cucumber/create-meta/6.0.4/create-meta-6.0.4.jar:/Users/mdrashidulsunny/.m2/repository/org/apiguardian/apiguardian-api/1.1.2/apiguardian-api-1.1.2.jar:/Users/mdrashidulsunny/.m2/repository/io/cucumber/cucumber-junit/7.1.0/cucumber-junit-7.1.0.jar:/Users/mdrashidulsunny/.m2/repository/junit/junit/4.13.2/junit-4.13.2.jar:/Users/mdrashidulsunny/.m2/repository/org/hamcrest/hamcrest-core/1.3/hamcrest-core-1.3.jar:/Users/mdrashidulsunny/.m2/repository/org/junit/jupiter/junit-jupiter-api/5.8.2/junit-jupiter-api-5.8.2.jar:/Users/mdrashidulsunny/.m2/repository/org/opentest4j/opentest4j/1.2.0/opentest4j-1.2.0.jar:/Users/mdrashidulsunny/.m2/repository/org/junit/platform/junit-platform-commons/1.8.2/junit-platform-commons-1.8.2.jar:/Users/mdrashidulsunny/.m2/repository/net/masterthought/cucumber-reporting/5.6.1/cucumber-reporting-5.6.1.jar:/Users/mdrashidulsunny/.m2/repository/com/fasterxml/jackson/core/jackson-databind/2.12.1/jackson-databind-2.12.1.jar:/Users/mdrashidulsunny/.m2/repository/com/fasterxml/jackson/core/jackson-annotations/2.12.1/jackson-annotations-2.12.1.jar:/Users/mdrashidulsunny/.m2/repository/com/fasterxml/jackson/core/jackson-core/2.12.1/jackson-core-2.12.1.jar:/Users/mdrashidulsunny/.m2/repository/com/fasterxml/jackson/datatype/jackson-datatype-jsr310/2.12.1/jackson-datatype-jsr310-2.12.1.jar:/Users/mdrashidulsunny/.m2/repository/org/apache/velocity/velocity-engine-core/2.3/velocity-engine-core-2.3.jar:/Users/mdrashidulsunny/.m2/repository/commons-collections/commons-collections/3.2.2/commons-collections-3.2.2.jar:/Users/mdrashidulsunny/.m2/repository/joda-time/joda-time/2.10.10/joda-time-2.10.10.jar:/Users/mdrashidulsunny/.m2/repository/org/apache/commons/commons-lang3/3.12.0/commons-lang3-3.12.0.jar:/Users/mdrashidulsunny/.m2/repository/commons-io/commons-io/2.7/commons-io-2.7.jar:/Users/mdrashidulsunny/.m2/repository/org/codehaus/plexus/plexus-utils/3.3.0/plexus-utils-3.3.0.jar:/Users/mdrashidulsunny/.m2/repository/com/googlecode/owasp-java-html-sanitizer/owasp-java-html-sanitizer/20211018.2/owasp-java-html-sanitizer-20211018.2.jar:/Users/mdrashidulsunny/.m2/repository/commons-configuration/commons-configuration/1.10/commons-configuration-1.10.jar:/Users/mdrashidulsunny/.m2/repository/commons-lang/commons-lang/2.6/commons-lang-2.6.jar:/Users/mdrashidulsunny/.m2/repository/commons-logging/commons-logging/1.1.1/commons-logging-1.1.1.jar:"/>
    <property name="sun.cpu.endian" value="little"/>
    <property name="user.home" value="/Users/mdrashidulsunny"/>
    <property name="user.language" value="en"/>
    <property name="java.specification.vendor" value="Oracle Corporation"/>
    <property name="java.version.date" value="2021-10-19"/>
    <property name="java.home" value="/Library/Java/JavaVirtualMachines/jdk-11.0.13.jdk/Contents/Home"/>
    <property name="file.separator" value="/"/>
    <property name="basedir" value="/Users/mdrashidulsunny/Documents/QA_Tek_Automation_All/Realtor_Automation_Project"/>
    <property name="java.vm.compressedOopsMode" value="Zero based"/>
    <property name="line.separator" value="&#10;"/>
    <property name="java.specification.name" value="Java Platform API Specification"/>
    <property name="java.vm.specification.vendor" value="Oracle Corporation"/>
    <property name="java.awt.graphicsenv" value="sun.awt.CGraphicsEnvironment"/>
    <property name="surefire.real.class.path" value="/Users/mdrashidulsunny/Documents/QA_Tek_Automation_All/Realtor_Automation_Project/target/surefire/surefirebooter3706623932057404046.jar"/>
    <property name="sun.management.compiler" value="HotSpot 64-Bit Tiered Compilers"/>
    <property name="ftp.nonProxyHosts" value="local|*.local|169.254/16|*.169.254/16"/>
    <property name="java.runtime.version" value="11.0.13+10-LTS-370"/>
    <property name="user.name" value="mdrashidulsunny"/>
    <property name="path.separator" value=":"/>
    <property name="os.version" value="11.1"/>
    <property name="java.runtime.name" value="Java(TM) SE Runtime Environment"/>
    <property name="file.encoding" value="UTF-8"/>
    <property name="sun.nio.ch.bugLevel" value=""/>
    <property name="java.vm.name" value="Java HotSpot(TM) 64-Bit Server VM"/>
    <property name="java.vendor.version" value="18.9"/>
    <property name="localRepository" value="/Users/mdrashidulsunny/.m2/repository"/>
    <property name="java.vendor.url.bug" value="https://bugreport.java.com/bugreport/"/>
    <property name="java.io.tmpdir" value="/var/folders/qp/1yxjd8ds0dl181sb3tjn3mnc0000gn/T/"/>
    <property name="java.version" value="11.0.13"/>
    <property name="user.dir" value="/Users/mdrashidulsunny/Documents/QA_Tek_Automation_All/Realtor_Automation_Project"/>
    <property name="os.arch" value="x86_64"/>
    <property name="webdriver.gecko.driver" value="/Users/mdrashidulsunny/.cache/selenium/geckodriver/mac64/0.30.0/geckodriver"/>
    <property name="java.vm.specification.name" value="Java Virtual Machine Specification"/>
    <property name="java.awt.printerjob" value="sun.lwawt.macosx.CPrinterJob"/>
    <property name="sun.os.patch.level" value="unknown"/>
    <property name="java.library.path" value="/Users/mdrashidulsunny/Library/Java/Extensions:/Library/Java/Extensions:/Network/Library/Java/Extensions:/System/Library/Java/Extensions:/usr/lib/java:."/>
    <property name="java.vendor" value="Oracle Corporation"/>
    <property name="java.vm.info" value="mixed mode"/>
    <property name="java.vm.version" value="11.0.13+10-LTS-370"/>
    <property name="sun.io.unicode.encoding" value="UnicodeBig"/>
    <property name="java.class.version" value="55.0"/>
    <property name="socksNonProxyHosts" value="local|*.local|169.254/16|*.169.254/16"/>
  </properties>
  <testcase name="Search new home for buy in Hicksville, NY" classname="Buy Functionality" time="30.839">
    <system-out><![CDATA[
Scenario: Search new home for buy in Hicksville, NY                              &amp#27;[90m# src/test/resources/Features/buy.feature:4&amp#27;[0m
17:24:43.839 [main] &amp#27;[0mINFO  step_definitions.LoginSteps - launch the browser&amp#27;[m
  &amp#27;[32mGiven &amp#27;[0m&amp#27;[32muser is in the realtor home page for searching home for buy&amp#27;[0m              &amp#27;[90m# step_definitions.BuySteps.navigateToHomePageForBuy()&amp#27;[0m
  &amp#27;[32mAnd &amp#27;[0m&amp#27;[32muser navigate to buy page&amp#27;[0m                                                  &amp#27;[90m# step_definitions.BuySteps.navigateToBuyPage()&amp#27;[0m
  &amp#27;[32mWhen &amp#27;[0m&amp#27;[32muser type address "&amp#27;[0m&amp#27;[32m&amp#27;[1mHicksville,NY&amp#27;[0m&amp#27;[32m" inside search box and click search icon&amp#27;[0m &amp#27;[90m# step_definitions.BuySteps.typeSearchBoxAndClickSearchTab(java.lang.String)&amp#27;[0m
  &amp#27;[32mThen &amp#27;[0m&amp#27;[32muser can see all  home for buy in Hicksville, NY&amp#27;[0m                          &amp#27;[90m# step_definitions.BuySteps.userIsNavigatedToNewConstructionBuyHomePage()&amp#27;[0m
17:25:06.797 [main] &amp#27;[0mINFO  step_definitions.LoginSteps - Close the browser&amp#27;[m
]]></system-out>
    <system-err><![CDATA[SLF4J: Failed to load class "org.slf4j.impl.StaticLoggerBinder".
SLF4J: Defaulting to no-operation (NOP) logger implementation
SLF4J: See http://www.slf4j.org/codes.html#StaticLoggerBinder for further details.
1641767080743	geckodriver	INFO	Listening on 127.0.0.1:51637
1641767081123	mozrunner::runner	INFO	Running command: "/Applications/Firefox.app/Contents/MacOS/firefox-bin" "--marionette" "--remote-debugging-port" "52827" "-foreground" "-no-remote" "-profile" "/var/folders/qp/1yxjd8ds0dl181sb3tjn3mnc0000gn/T/rust_mozprofilef0z1Fc"
1641767081594	Marionette	INFO	Marionette enabled
2022-01-09 17:24:42.392 firefox-bin[1242:18374] Warning: Expected min height of view: (<NSButton: 0x11ae11400>) to be less than or equal to 30 but got a height of 32.000000. This error will be logged once per view in violation.
2022-01-09 17:24:42.393 firefox-bin[1242:18374] Warning: Expected min height of view: (<NSButton: 0x120bfa400>) to be less than or equal to 30 but got a height of 32.000000. This error will be logged once per view in violation.
2022-01-09 17:24:42.393 firefox-bin[1242:18374] Warning: Expected min height of view: (<NSButton: 0x120bfec00>) to be less than or equal to 30 but got a height of 32.000000. This error will be logged once per view in violation.
2022-01-09 17:24:42.394 firefox-bin[1242:18374] Warning: Expected min height of view: (<NSButton: 0x120bfc800>) to be less than or equal to 30 but got a height of 32.000000. This error will be logged once per view in violation.
2022-01-09 17:24:42.395 firefox-bin[1242:18374] Warning: Expected min height of view: (<NSButton: 0x120bfd000>) to be less than or equal to 30 but got a height of 32.000000. This error will be logged once per view in violation.
2022-01-09 17:24:42.395 firefox-bin[1242:18374] Warning: Expected min height of view: (<NSPopoverTouchBarItemButton: 0x120bfdc00>) to be less than or equal to 30 but got a height of 32.000000. This error will be logged once per view in violation.
2022-01-09 17:24:42.396 firefox-bin[1242:18374] Warning: Expected min height of view: (<NSPopoverTouchBarItemButton: 0x110d53c00>) to be less than or equal to 30 but got a height of 32.000000. This error will be logged once per view in violation.
console.warn: SearchSettings: "get: No settings file exists, new profile?" (new NotFoundError("Could not open the file at /var/folders/qp/1yxjd8ds0dl181sb3tjn3mnc0000gn/T/rust_mozprofilef0z1Fc/search.json.mozlz4", (void 0)))
console.error: BackgroundUpdate: 
  _reasonsToNotScheduleUpdates: Failed to check for Maintenance Service Registry Key: [Exception... "Component returned failure code: 0x80004001 (NS_ERROR_NOT_IMPLEMENTED) [nsIUpdateProcessor.getServiceRegKeyExists]"  nsresult: "0x80004001 (NS_ERROR_NOT_IMPLEMENTED)"  location: "JS frame :: resource://gre/modules/BackgroundUpdate.jsm :: _reasonsToNotScheduleUpdates :: line 243"  data: no]
DevTools listening on ws://localhost:52827/devtools/browser/23bb083b-5af5-4e63-9b6f-2df07fca7244
1641767083661	Marionette	INFO	Listening on port 49742
1641767083707	RemoteAgent	WARN	TLS certificate errors will be ignored for this session
Jan 09, 2022 5:24:43 PM org.openqa.selenium.remote.ProtocolHandshake createSession
INFO: Detected dialect: W3C
JavaScript warning: https://pagead2.googlesyndication.com/bg/94IealOMwR7kxf6jS-jGG0uIjJYzj28NIr5mtVGcdhU.js line 1 > eval line 3859 > eval line 1 > eval, line 1: WEBGL_debug_renderer_info is deprecated in Firefox and will be removed. Please use RENDERER.
JavaScript error: , line 0: TypeError: NetworkError when attempting to fetch resource.
JavaScript warning: https://pagead2.googlesyndication.com/bg/94IealOMwR7kxf6jS-jGG0uIjJYzj28NIr5mtVGcdhU.js line 1 > eval line 2613 > eval line 1 > eval, line 1: WEBGL_debug_renderer_info is deprecated in Firefox and will be removed. Please use RENDERER.
1641767105910	Marionette	INFO	Stopped listening on port 49742
JavaScript warning: https://www.realtor.com/assets/prod/91a475a/_next/static/chunks/commons.9c00600bc8620bdbc3dc.js, line 1: unreachable code after return statement
JavaScript warning: https://www.realtor.com/assets/prod/91a475a/_next/static/chunks/commons.9c00600bc8620bdbc3dc.js, line 1: unreachable code after return statement
JavaScript warning: https://www.realtor.com/assets/prod/91a475a/_next/static/chunks/commons.9c00600bc8620bdbc3dc.js, line 1: unreachable code after return statement

###!!! [Parent][MessageChannel] Error: (msgtype=0x390078,name=PContent::Msg_DestroyBrowsingContextGroup) Closed channel: cannot send/recv


###!!! [Parent][RunMessage] Error: Channel closing: too late to send/recv, messages will be lost

]]></system-err>
  </testcase>
  <testcase name="Find a realtor agent to sell a property" classname="Find Realtor Agent Functionality" time="11.271">
    <system-out><![CDATA[
Scenario: Find a realtor agent to sell a property                                                               &amp#27;[90m# src/test/resources/Features/findRealtor.feature:4&amp#27;[0m
17:25:09.172 [main] &amp#27;[0mINFO  step_definitions.LoginSteps - launch the browser&amp#27;[m
  &amp#27;[32mGiven &amp#27;[0m&amp#27;[32muser is in the realtor home page for searching a realtor agent for sell a property&amp#27;[0m                      &amp#27;[90m# step_definitions.FindRealtorSteps.navigateToHomePageForFindRealtor()&amp#27;[0m
  &amp#27;[32mAnd &amp#27;[0m&amp#27;[32muser navigate to real estate agent page&amp#27;[0m                                                                   &amp#27;[90m# step_definitions.FindRealtorSteps.navigateToFindRealtorAgentPage()&amp#27;[0m
  &amp#27;[32mWhen &amp#27;[0m&amp#27;[32muser type home address "&amp#27;[0m&amp#27;[32m&amp#27;[1m7104 162nd St Fresh Meadows NY 11365 &amp#27;[0m&amp#27;[32m" inside search box and click search button&amp#27;[0m &amp#27;[90m# step_definitions.FindRealtorSteps.typeSearchAndClickIcon(java.lang.String)&amp#27;[0m
  &amp#27;[32mThen &amp#27;[0m&amp#27;[32muser can see real estate agent&amp#27;[0m                                                                           &amp#27;[90m# step_definitions.FindRealtorSteps.validateRealtorAgent()&amp#27;[0m
17:25:18.080 [main] &amp#27;[0mINFO  step_definitions.LoginSteps - Close the browser&amp#27;[m
]]></system-out>
    <system-err><![CDATA[1641767106845	geckodriver	INFO	Listening on 127.0.0.1:64214
1641767106876	mozrunner::runner	INFO	Running command: "/Applications/Firefox.app/Contents/MacOS/firefox-bin" "--marionette" "--remote-debugging-port" "60647" "-foreground" "-no-remote" "-profile" "/var/folders/qp/1yxjd8ds0dl181sb3tjn3mnc0000gn/T/rust_mozprofiler7NlEC"
1641767107234	Marionette	INFO	Marionette enabled
2022-01-09 17:25:07.863 firefox-bin[1253:19042] Warning: Expected min height of view: (<NSButton: 0x1129f0800>) to be less than or equal to 30 but got a height of 32.000000. This error will be logged once per view in violation.
2022-01-09 17:25:07.864 firefox-bin[1253:19042] Warning: Expected min height of view: (<NSButton: 0x1143c6800>) to be less than or equal to 30 but got a height of 32.000000. This error will be logged once per view in violation.
2022-01-09 17:25:07.864 firefox-bin[1253:19042] Warning: Expected min height of view: (<NSButton: 0x1143c7400>) to be less than or equal to 30 but got a height of 32.000000. This error will be logged once per view in violation.
2022-01-09 17:25:07.865 firefox-bin[1253:19042] Warning: Expected min height of view: (<NSButton: 0x1143c2400>) to be less than or equal to 30 but got a height of 32.000000. This error will be logged once per view in violation.
2022-01-09 17:25:07.866 firefox-bin[1253:19042] Warning: Expected min height of view: (<NSButton: 0x1143c3c00>) to be less than or equal to 30 but got a height of 32.000000. This error will be logged once per view in violation.
2022-01-09 17:25:07.867 firefox-bin[1253:19042] Warning: Expected min height of view: (<NSPopoverTouchBarItemButton: 0x1143c4000>) to be less than or equal to 30 but got a height of 32.000000. This error will be logged once per view in violation.
2022-01-09 17:25:07.867 firefox-bin[1253:19042] Warning: Expected min height of view: (<NSPopoverTouchBarItemButton: 0x1118eb400>) to be less than or equal to 30 but got a height of 32.000000. This error will be logged once per view in violation.
console.warn: SearchSettings: "get: No settings file exists, new profile?" (new NotFoundError("Could not open the file at /var/folders/qp/1yxjd8ds0dl181sb3tjn3mnc0000gn/T/rust_mozprofiler7NlEC/search.json.mozlz4", (void 0)))
console.error: BackgroundUpdate: 
  _reasonsToNotScheduleUpdates: Failed to check for Maintenance Service Registry Key: [Exception... "Component returned failure code: 0x80004001 (NS_ERROR_NOT_IMPLEMENTED) [nsIUpdateProcessor.getServiceRegKeyExists]"  nsresult: "0x80004001 (NS_ERROR_NOT_IMPLEMENTED)"  location: "JS frame :: resource://gre/modules/BackgroundUpdate.jsm :: _reasonsToNotScheduleUpdates :: line 243"  data: no]
DevTools listening on ws://localhost:60647/devtools/browser/c5639a37-cf15-4f6b-b190-d085b4eab908
1641767109044	Marionette	INFO	Listening on port 50079
1641767109143	RemoteAgent	WARN	TLS certificate errors will be ignored for this session
Jan 09, 2022 5:25:09 PM org.openqa.selenium.remote.ProtocolHandshake createSession
INFO: Detected dialect: W3C
JavaScript warning: https://pagead2.googlesyndication.com/bg/94IealOMwR7kxf6jS-jGG0uIjJYzj28NIr5mtVGcdhU.js line 1 > eval line 7519 > eval, line 1: WEBGL_debug_renderer_info is deprecated in Firefox and will be removed. Please use RENDERER.
JavaScript warning: https://pagead2.googlesyndication.com/bg/94IealOMwR7kxf6jS-jGG0uIjJYzj28NIr5mtVGcdhU.js line 1 > eval line 5368 > eval line 1 > eval, line 1: WEBGL_debug_renderer_info is deprecated in Firefox and will be removed. Please use RENDERER.
JavaScript warning: https://sellers.rdc.moveaws.com/_next/static/chunks/40f3e9f47154ec86ebdd9db6dc90dacd267de26d.e74f89122e7a718c47ee.js, line 1: unreachable code after return statement
JavaScript warning: https://sellers.rdc.moveaws.com/_next/static/chunks/40f3e9f47154ec86ebdd9db6dc90dacd267de26d.e74f89122e7a718c47ee.js, line 1: unreachable code after return statement
JavaScript warning: https://sellers.rdc.moveaws.com/_next/static/chunks/40f3e9f47154ec86ebdd9db6dc90dacd267de26d.e74f89122e7a718c47ee.js, line 1: unreachable code after return statement
1641767117419	Marionette	INFO	Stopped listening on port 50079

###!!! [Parent][RunMessage] Error: Channel closing: too late to send/recv, messages will be lost

]]></system-err>
  </testcase>
  <testcase name="Check login is successful with valid credentials #1" classname="Test login functionalities" time="10.404">
    <system-out><![CDATA[
@positive_test
Scenario: Check login is successful with valid credentials                             &amp#27;[90m# src/test/resources/Features/login.feature:7&amp#27;[0m
17:25:20.357 [main] &amp#27;[0mINFO  step_definitions.LoginSteps - launch the browser&amp#27;[m
  &amp#27;[32mGiven &amp#27;[0m&amp#27;[32muser is on the login page and click on Login Link&amp#27;[0m                              &amp#27;[90m# step_definitions.LoginSteps.userIsOnTheLoginPageAndClickOnLoginLink()&amp#27;[0m
  &amp#27;[32mWhen &amp#27;[0m&amp#27;[32muser enters emailAddress "&amp#27;[0m&amp#27;[32m&amp#27;[1msunny09203019@gmail.com&amp#27;[0m&amp#27;[32m" and click on continue button&amp#27;[0m &amp#27;[90m# step_definitions.LoginSteps.userEntersEmailAddressAndClickOnContinueButton(java.lang.String)&amp#27;[0m
  &amp#27;[32mAnd &amp#27;[0m&amp#27;[32muser enters password "&amp#27;[0m&amp#27;[32m&amp#27;[1mTest123@123&amp#27;[0m&amp#27;[32m" and click on login button&amp#27;[0m                     &amp#27;[90m# step_definitions.LoginSteps.userEntersPasswordAndClickOnLoginButton(java.lang.String)&amp#27;[0m
  &amp#27;[32mThen &amp#27;[0m&amp#27;[32muser is navigated to home page&amp#27;[0m                                                  &amp#27;[90m# step_definitions.LoginSteps.userIsNavigatedToHomePage()&amp#27;[0m
17:25:28.494 [main] &amp#27;[0mINFO  step_definitions.LoginSteps - Close the browser&amp#27;[m
]]></system-out>
    <system-err><![CDATA[1641767118125	geckodriver	INFO	Listening on 127.0.0.1:49953
1641767118158	mozrunner::runner	INFO	Running command: "/Applications/Firefox.app/Contents/MacOS/firefox-bin" "--marionette" "--remote-debugging-port" "55020" "-foreground" "-no-remote" "-profile" "/var/folders/qp/1yxjd8ds0dl181sb3tjn3mnc0000gn/T/rust_mozprofileZX76AL"
1641767118515	Marionette	INFO	Marionette enabled
2022-01-09 17:25:19.128 firefox-bin[1259:19460] Warning: Expected min height of view: (<NSButton: 0x11a3dc000>) to be less than or equal to 30 but got a height of 32.000000. This error will be logged once per view in violation.
2022-01-09 17:25:19.128 firefox-bin[1259:19460] Warning: Expected min height of view: (<NSButton: 0x1204ea400>) to be less than or equal to 30 but got a height of 32.000000. This error will be logged once per view in violation.
2022-01-09 17:25:19.129 firefox-bin[1259:19460] Warning: Expected min height of view: (<NSButton: 0x1204e8800>) to be less than or equal to 30 but got a height of 32.000000. This error will be logged once per view in violation.
2022-01-09 17:25:19.130 firefox-bin[1259:19460] Warning: Expected min height of view: (<NSButton: 0x1204e7c00>) to be less than or equal to 30 but got a height of 32.000000. This error will be logged once per view in violation.
2022-01-09 17:25:19.130 firefox-bin[1259:19460] Warning: Expected min height of view: (<NSButton: 0x1204ec800>) to be less than or equal to 30 but got a height of 32.000000. This error will be logged once per view in violation.
2022-01-09 17:25:19.131 firefox-bin[1259:19460] Warning: Expected min height of view: (<NSPopoverTouchBarItemButton: 0x1204e9000>) to be less than or equal to 30 but got a height of 32.000000. This error will be logged once per view in violation.
2022-01-09 17:25:19.132 firefox-bin[1259:19460] Warning: Expected min height of view: (<NSPopoverTouchBarItemButton: 0x1185de400>) to be less than or equal to 30 but got a height of 32.000000. This error will be logged once per view in violation.
console.warn: SearchSettings: "get: No settings file exists, new profile?" (new NotFoundError("Could not open the file at /var/folders/qp/1yxjd8ds0dl181sb3tjn3mnc0000gn/T/rust_mozprofileZX76AL/search.json.mozlz4", (void 0)))
console.error: BackgroundUpdate: 
  _reasonsToNotScheduleUpdates: Failed to check for Maintenance Service Registry Key: [Exception... "Component returned failure code: 0x80004001 (NS_ERROR_NOT_IMPLEMENTED) [nsIUpdateProcessor.getServiceRegKeyExists]"  nsresult: "0x80004001 (NS_ERROR_NOT_IMPLEMENTED)"  location: "JS frame :: resource://gre/modules/BackgroundUpdate.jsm :: _reasonsToNotScheduleUpdates :: line 243"  data: no]
DevTools listening on ws://localhost:55020/devtools/browser/059e9f02-f902-4fba-83ea-a50576c2f86b
1641767120274	Marionette	INFO	Listening on port 50425
1641767120328	RemoteAgent	WARN	TLS certificate errors will be ignored for this session
Jan 09, 2022 5:25:20 PM org.openqa.selenium.remote.ProtocolHandshake createSession
INFO: Detected dialect: W3C
JavaScript warning: https://pagead2.googlesyndication.com/bg/94IealOMwR7kxf6jS-jGG0uIjJYzj28NIr5mtVGcdhU.js line 1 > eval line 6177 > eval line 1 > eval, line 1: WEBGL_debug_renderer_info is deprecated in Firefox and will be removed. Please use RENDERER.
JavaScript warning: https://pagead2.googlesyndication.com/bg/94IealOMwR7kxf6jS-jGG0uIjJYzj28NIr5mtVGcdhU.js line 1 > eval line 7059 > eval line 1 > eval, line 1: WEBGL_debug_renderer_info is deprecated in Firefox and will be removed. Please use RENDERER.
1641767127844	Marionette	INFO	Stopped listening on port 50425
JavaScript error: , line 0: TypeError: NetworkError when attempting to fetch resource.

###!!! [Child][RunMessage] Error: Channel closing: too late to send/recv, messages will be lost


###!!! [Parent][RunMessage] Error: Channel closing: too late to send/recv, messages will be lost

]]></system-err>
  </testcase>
  <testcase name="Check login is successful with valid credentials #2" classname="Test login functionalities" time="10.291">
    <system-out><![CDATA[
@positive_test @dataDriven_test
Scenario Outline: Check login is successful with valid credentials                     &amp#27;[90m# src/test/resources/Features/login.feature:20&amp#27;[0m
17:25:30.942 [main] &amp#27;[0mINFO  step_definitions.LoginSteps - launch the browser&amp#27;[m
  &amp#27;[32mGiven &amp#27;[0m&amp#27;[32muser is on the login page and click on Login Link&amp#27;[0m                              &amp#27;[90m# step_definitions.LoginSteps.userIsOnTheLoginPageAndClickOnLoginLink()&amp#27;[0m
  &amp#27;[32mWhen &amp#27;[0m&amp#27;[32muser enters emailAddress "&amp#27;[0m&amp#27;[32m&amp#27;[1msunny09203019@gmail.com&amp#27;[0m&amp#27;[32m" and click on continue button&amp#27;[0m &amp#27;[90m# step_definitions.LoginSteps.userEntersEmailAddressAndClickOnContinueButton(java.lang.String)&amp#27;[0m
  &amp#27;[32mAnd &amp#27;[0m&amp#27;[32muser enters password "&amp#27;[0m&amp#27;[32m&amp#27;[1mTest123@123&amp#27;[0m&amp#27;[32m" and click on login button&amp#27;[0m                     &amp#27;[90m# step_definitions.LoginSteps.userEntersPasswordAndClickOnLoginButton(java.lang.String)&amp#27;[0m
  &amp#27;[32mThen &amp#27;[0m&amp#27;[32muser is navigated to home page&amp#27;[0m                                                  &amp#27;[90m# step_definitions.LoginSteps.userIsNavigatedToHomePage()&amp#27;[0m
17:25:38.786 [main] &amp#27;[0mINFO  step_definitions.LoginSteps - Close the browser&amp#27;[m
]]></system-out>
    <system-err><![CDATA[1641767128523	geckodriver	INFO	Listening on 127.0.0.1:54515
1641767128655	mozrunner::runner	INFO	Running command: "/Applications/Firefox.app/Contents/MacOS/firefox-bin" "--marionette" "--remote-debugging-port" "61086" "-foreground" "-no-remote" "-profile" "/var/folders/qp/1yxjd8ds0dl181sb3tjn3mnc0000gn/T/rust_mozprofile1DbkNV"
1641767129009	Marionette	INFO	Marionette enabled
2022-01-09 17:25:29.656 firefox-bin[1266:19890] Warning: Expected min height of view: (<NSButton: 0x11efe9400>) to be less than or equal to 30 but got a height of 32.000000. This error will be logged once per view in violation.
2022-01-09 17:25:29.657 firefox-bin[1266:19890] Warning: Expected min height of view: (<NSButton: 0x1252c8c00>) to be less than or equal to 30 but got a height of 32.000000. This error will be logged once per view in violation.
2022-01-09 17:25:29.657 firefox-bin[1266:19890] Warning: Expected min height of view: (<NSButton: 0x1252c5400>) to be less than or equal to 30 but got a height of 32.000000. This error will be logged once per view in violation.
2022-01-09 17:25:29.658 firefox-bin[1266:19890] Warning: Expected min height of view: (<NSButton: 0x1252c5c00>) to be less than or equal to 30 but got a height of 32.000000. This error will be logged once per view in violation.
2022-01-09 17:25:29.659 firefox-bin[1266:19890] Warning: Expected min height of view: (<NSButton: 0x1252c1400>) to be less than or equal to 30 but got a height of 32.000000. This error will be logged once per view in violation.
2022-01-09 17:25:29.659 firefox-bin[1266:19890] Warning: Expected min height of view: (<NSPopoverTouchBarItemButton: 0x1252c4400>) to be less than or equal to 30 but got a height of 32.000000. This error will be logged once per view in violation.
2022-01-09 17:25:29.660 firefox-bin[1266:19890] Warning: Expected min height of view: (<NSPopoverTouchBarItemButton: 0x11ddf2c00>) to be less than or equal to 30 but got a height of 32.000000. This error will be logged once per view in violation.
console.warn: SearchSettings: "get: No settings file exists, new profile?" (new NotFoundError("Could not open the file at /var/folders/qp/1yxjd8ds0dl181sb3tjn3mnc0000gn/T/rust_mozprofile1DbkNV/search.json.mozlz4", (void 0)))
console.error: BackgroundUpdate: 
  _reasonsToNotScheduleUpdates: Failed to check for Maintenance Service Registry Key: [Exception... "Component returned failure code: 0x80004001 (NS_ERROR_NOT_IMPLEMENTED) [nsIUpdateProcessor.getServiceRegKeyExists]"  nsresult: "0x80004001 (NS_ERROR_NOT_IMPLEMENTED)"  location: "JS frame :: resource://gre/modules/BackgroundUpdate.jsm :: _reasonsToNotScheduleUpdates :: line 243"  data: no]
DevTools listening on ws://localhost:61086/devtools/browser/c7f1f712-0e26-49a9-8027-c15f6797b74b
1641767130803	Marionette	INFO	Listening on port 50739
1641767130915	RemoteAgent	WARN	TLS certificate errors will be ignored for this session
Jan 09, 2022 5:25:30 PM org.openqa.selenium.remote.ProtocolHandshake createSession
INFO: Detected dialect: W3C
JavaScript warning: https://pagead2.googlesyndication.com/bg/94IealOMwR7kxf6jS-jGG0uIjJYzj28NIr5mtVGcdhU.js line 1 > eval line 2788 > eval line 1 > eval, line 1: WEBGL_debug_renderer_info is deprecated in Firefox and will be removed. Please use RENDERER.
JavaScript warning: https://pagead2.googlesyndication.com/bg/94IealOMwR7kxf6jS-jGG0uIjJYzj28NIr5mtVGcdhU.js line 1 > eval line 2174 > eval line 1 > eval, line 1: WEBGL_debug_renderer_info is deprecated in Firefox and will be removed. Please use RENDERER.
1641767138142	Marionette	INFO	Stopped listening on port 50739
JavaScript error: , line 0: TypeError: NetworkError when attempting to fetch resource.

###!!! [Child][MessageChannel] Error: (msgtype=0x6B0023,name=PNecko::Msg_RemoveRequestContext) Channel closing: too late to send/recv, messages will be lost


###!!! [Child][RunMessage] Error: Channel closing: too late to send/recv, messages will be lost


###!!! [Child][RunMessage] Error: Channel closing: too late to send/recv, messages will be lost


###!!! [Child][MessageChannel] Error: (msgtype=0x5A0004,name=PHttpChannel::Msg_Cancel) Channel closing: too late to send/recv, messages will be lost


###!!! [Child][MessageChannel] Error: (msgtype=0x5A0008,name=PHttpChannel::Msg_DeletingChannel) Channel closing: too late to send/recv, messages will be lost


###!!! [Child][MessageChannel] Error: (msgtype=0x5A0004,name=PHttpChannel::Msg_Cancel) Channel closing: too late to send/recv, messages will be lost


###!!! [Child][MessageChannel] Error: (msgtype=0x5A0008,name=PHttpChannel::Msg_DeletingChannel) Channel closing: too late to send/recv, messages will be lost


###!!! [Parent][RunMessage] Error: Channel closing: too late to send/recv, messages will be lost

]]></system-err>
  </testcase>
  <testcase name="Check login is unsuccessful with invalid password" classname="Test login functionalities" time="12.527">
    <system-out><![CDATA[
@negative_test
Scenario: Check login is unsuccessful with invalid password                            &amp#27;[90m# src/test/resources/Features/login.feature:24&amp#27;[0m
17:25:41.035 [main] &amp#27;[0mINFO  step_definitions.LoginSteps - launch the browser&amp#27;[m
  &amp#27;[32mGiven &amp#27;[0m&amp#27;[32muser is on the login page and click on Login Link&amp#27;[0m                              &amp#27;[90m# step_definitions.LoginSteps.userIsOnTheLoginPageAndClickOnLoginLink()&amp#27;[0m
  &amp#27;[32mWhen &amp#27;[0m&amp#27;[32muser enters emailAddress "&amp#27;[0m&amp#27;[32m&amp#27;[1msunny09203019@gmail.com&amp#27;[0m&amp#27;[32m" and click on continue button&amp#27;[0m &amp#27;[90m# step_definitions.LoginSteps.userEntersEmailAddressAndClickOnContinueButton(java.lang.String)&amp#27;[0m
  &amp#27;[32mAnd &amp#27;[0m&amp#27;[32muser enters password "&amp#27;[0m&amp#27;[32m&amp#27;[1mtest123&amp#27;[0m&amp#27;[32m" and click on login button&amp#27;[0m                         &amp#27;[90m# step_definitions.LoginSteps.userEntersPasswordAndClickOnLoginButton(java.lang.String)&amp#27;[0m
  &amp#27;[32mThen &amp#27;[0m&amp#27;[32muser is failed to login&amp#27;[0m                                                         &amp#27;[90m# step_definitions.LoginSteps.validateUnsuccessfulLogin()&amp#27;[0m
17:25:51.314 [main] &amp#27;[0mINFO  step_definitions.LoginSteps - Close the browser&amp#27;[m
]]></system-out>
    <system-err><![CDATA[1641767138813	geckodriver	INFO	Listening on 127.0.0.1:55727
1641767138842	mozrunner::runner	INFO	Running command: "/Applications/Firefox.app/Contents/MacOS/firefox-bin" "--marionette" "--remote-debugging-port" "57229" "-foreground" "-no-remote" "-profile" "/var/folders/qp/1yxjd8ds0dl181sb3tjn3mnc0000gn/T/rust_mozprofilexzdVwz"
1641767139216	Marionette	INFO	Marionette enabled
2022-01-09 17:25:39.838 firefox-bin[1272:20317] Warning: Expected min height of view: (<NSButton: 0x11c113400>) to be less than or equal to 30 but got a height of 32.000000. This error will be logged once per view in violation.
2022-01-09 17:25:39.839 firefox-bin[1272:20317] Warning: Expected min height of view: (<NSButton: 0x11e913c00>) to be less than or equal to 30 but got a height of 32.000000. This error will be logged once per view in violation.
2022-01-09 17:25:39.840 firefox-bin[1272:20317] Warning: Expected min height of view: (<NSButton: 0x11e90d000>) to be less than or equal to 30 but got a height of 32.000000. This error will be logged once per view in violation.
2022-01-09 17:25:39.840 firefox-bin[1272:20317] Warning: Expected min height of view: (<NSButton: 0x11e911c00>) to be less than or equal to 30 but got a height of 32.000000. This error will be logged once per view in violation.
2022-01-09 17:25:39.841 firefox-bin[1272:20317] Warning: Expected min height of view: (<NSButton: 0x10ed28800>) to be less than or equal to 30 but got a height of 32.000000. This error will be logged once per view in violation.
2022-01-09 17:25:39.842 firefox-bin[1272:20317] Warning: Expected min height of view: (<NSPopoverTouchBarItemButton: 0x11e90f800>) to be less than or equal to 30 but got a height of 32.000000. This error will be logged once per view in violation.
2022-01-09 17:25:39.842 firefox-bin[1272:20317] Warning: Expected min height of view: (<NSPopoverTouchBarItemButton: 0x11bc07000>) to be less than or equal to 30 but got a height of 32.000000. This error will be logged once per view in violation.
console.warn: SearchSettings: "get: No settings file exists, new profile?" (new NotFoundError("Could not open the file at /var/folders/qp/1yxjd8ds0dl181sb3tjn3mnc0000gn/T/rust_mozprofilexzdVwz/search.json.mozlz4", (void 0)))
console.error: BackgroundUpdate: 
  _reasonsToNotScheduleUpdates: Failed to check for Maintenance Service Registry Key: [Exception... "Component returned failure code: 0x80004001 (NS_ERROR_NOT_IMPLEMENTED) [nsIUpdateProcessor.getServiceRegKeyExists]"  nsresult: "0x80004001 (NS_ERROR_NOT_IMPLEMENTED)"  location: "JS frame :: resource://gre/modules/BackgroundUpdate.jsm :: _reasonsToNotScheduleUpdates :: line 243"  data: no]
DevTools listening on ws://localhost:57229/devtools/browser/63b9d40b-c248-42f7-966b-87cff0c6c1b7
1641767140969	Marionette	INFO	Listening on port 51045
1641767141007	RemoteAgent	WARN	TLS certificate errors will be ignored for this session
Jan 09, 2022 5:25:41 PM org.openqa.selenium.remote.ProtocolHandshake createSession
INFO: Detected dialect: W3C
JavaScript warning: https://pagead2.googlesyndication.com/bg/94IealOMwR7kxf6jS-jGG0uIjJYzj28NIr5mtVGcdhU.js line 1 > eval line 4537 > eval, line 1: WEBGL_debug_renderer_info is deprecated in Firefox and will be removed. Please use RENDERER.
1641767150682	Marionette	INFO	Stopped listening on port 51045

###!!! [Parent][RunMessage] Error: Channel closing: too late to send/recv, messages will be lost

]]></system-err>
  </testcase>
  <testcase name="Calculate monthly mortgage payment" classname="Mortgage Calculator &amp; Refinance Calculator" time="25.95">
    <system-out><![CDATA[
Scenario: Calculate monthly mortgage payment                               &amp#27;[90m# src/test/resources/Features/mortgage.feature:4&amp#27;[0m
17:25:53.356 [main] &amp#27;[0mINFO  step_definitions.LoginSteps - launch the browser&amp#27;[m
  &amp#27;[32mGiven &amp#27;[0m&amp#27;[32muser is in the realtor home page for searching mortgage calculator&amp#27;[0m &amp#27;[90m# step_definitions.MortgageAndRefinanceSteps.navigateToRealtorHomePage()&amp#27;[0m
  &amp#27;[32mAnd &amp#27;[0m&amp#27;[32muser navigate to mortgage page&amp#27;[0m                                       &amp#27;[90m# step_definitions.MortgageAndRefinanceSteps.navigateToMortgageCalculatorPage()&amp#27;[0m
  &amp#27;[32mWhen &amp#27;[0m&amp#27;[32muser can see the monthly mortgage payment upon entering the data&amp#27;[0m    &amp#27;[90m# step_definitions.MortgageAndRefinanceSteps.calculateMonthlyPayment(io.cucumber.datatable.DataTable)&amp#27;[0m
    | HomePrice | DownPayment | InterestRate | PropertyTax |
    | 1000000   | 195000      | 4            | 1016        |
  &amp#27;[32mThen &amp#27;[0m&amp#27;[32mThe monthly mortgage payment is "&amp#27;[0m&amp#27;[32m&amp#27;[1m$5,085&amp#27;[0m&amp#27;[32m"&amp#27;[0m                            &amp#27;[90m# step_definitions.MortgageAndRefinanceSteps.validateMonthlyMortgagePayment(java.lang.String)&amp#27;[0m
17:26:17.270 [main] &amp#27;[0mINFO  step_definitions.LoginSteps - Close the browser&amp#27;[m
]]></system-out>
    <system-err><![CDATA[1641767151349	geckodriver	INFO	Listening on 127.0.0.1:64737
1641767151372	mozrunner::runner	INFO	Running command: "/Applications/Firefox.app/Contents/MacOS/firefox-bin" "--marionette" "--remote-debugging-port" "58844" "-foreground" "-no-remote" "-profile" "/var/folders/qp/1yxjd8ds0dl181sb3tjn3mnc0000gn/T/rust_mozprofileLso8Ej"
1641767151738	Marionette	INFO	Marionette enabled
console.warn: SearchSettings: "get: No settings file exists, new profile?" (new NotFoundError("Could not open the file at /var/folders/qp/1yxjd8ds0dl181sb3tjn3mnc0000gn/T/rust_mozprofileLso8Ej/search.json.mozlz4", (void 0)))
console.error: BackgroundUpdate: 
  _reasonsToNotScheduleUpdates: Failed to check for Maintenance Service Registry Key: [Exception... "Component returned failure code: 0x80004001 (NS_ERROR_NOT_IMPLEMENTED) [nsIUpdateProcessor.getServiceRegKeyExists]"  nsresult: "0x80004001 (NS_ERROR_NOT_IMPLEMENTED)"  location: "JS frame :: resource://gre/modules/BackgroundUpdate.jsm :: _reasonsToNotScheduleUpdates :: line 243"  data: no]
DevTools listening on ws://localhost:58844/devtools/browser/b7f38339-9be9-43ff-8363-86d813d638b8
1641767153267	Marionette	INFO	Listening on port 51349
1641767153329	RemoteAgent	WARN	TLS certificate errors will be ignored for this session
Jan 09, 2022 5:25:53 PM org.openqa.selenium.remote.ProtocolHandshake createSession
INFO: Detected dialect: W3C
JavaScript warning: https://pagead2.googlesyndication.com/bg/94IealOMwR7kxf6jS-jGG0uIjJYzj28NIr5mtVGcdhU.js line 1 > eval line 4790 > eval line 1 > eval, line 1: WEBGL_debug_renderer_info is deprecated in Firefox and will be removed. Please use RENDERER.
JavaScript warning: https://pagead2.googlesyndication.com/bg/5j4VCALLZSHxCC9Q4npotRbCr-J4MtXOxr4dICczkIM.js line 1 > eval line 4486 > eval, line 1: WEBGL_debug_renderer_info is deprecated in Firefox and will be removed. Please use RENDERER.
JavaScript error: resource://gre/modules/XULStore.jsm, line 66: Error: Can't find profile directory.
JavaScript error: resource://gre/modules/XULStore.jsm, line 66: Error: Can't find profile directory.
JavaScript warning: https://static-mortgage.rdc.moveaws.com/_next/static/chunks/pages/_app-39e4992e16821dfb954d.js, line 1: unreachable code after return statement
JavaScript warning: https://static-mortgage.rdc.moveaws.com/_next/static/chunks/pages/_app-39e4992e16821dfb954d.js, line 1: unreachable code after return statement
JavaScript warning: https://static-mortgage.rdc.moveaws.com/_next/static/chunks/pages/_app-39e4992e16821dfb954d.js, line 1: unreachable code after return statement
1641767176604	Marionette	INFO	Stopped listening on port 51349

###!!! [Child][RunMessage] Error: Channel closing: too late to send/recv, messages will be lost

JavaScript error: resource://gre/modules/Sqlite.jsm, line 714: Error: Connection closed before committing the transaction.

###!!! [Parent][RunMessage] Error: Channel closing: too late to send/recv, messages will be lost

]]></system-err>
  </testcase>
  <testcase name="Calculate new monthly payment after refinancing" classname="Mortgage Calculator &amp; Refinance Calculator" time="11.349">
    <system-out><![CDATA[
Scenario: Calculate new monthly payment after refinancing                   &amp#27;[90m# src/test/resources/Features/mortgage.feature:12&amp#27;[0m
17:26:19.312 [main] &amp#27;[0mINFO  step_definitions.LoginSteps - launch the browser&amp#27;[m
  &amp#27;[32mGiven &amp#27;[0m&amp#27;[32muser is in the realtor home page for searching refinance calculator&amp#27;[0m &amp#27;[90m# step_definitions.MortgageAndRefinanceSteps.navigateToHomePage()&amp#27;[0m
  &amp#27;[32mAnd &amp#27;[0m&amp#27;[32muser navigate to refinance page&amp#27;[0m                                       &amp#27;[90m# step_definitions.MortgageAndRefinanceSteps.navigateToRefinanceCalculatorPage()&amp#27;[0m
  &amp#27;[32mWhen &amp#27;[0m&amp#27;[32muser can see the new monthly payment upon entering the data&amp#27;[0m          &amp#27;[90m# step_definitions.MortgageAndRefinanceSteps.newMonthlyPayment(io.cucumber.datatable.DataTable)&amp#27;[0m
    | OriginalLoanAmount | OriginalLoanRate | CurrentBalance | NewLoanRate |
    | 500000             | 4                | 305000         | 3.420       |
  &amp#27;[32mThen &amp#27;[0m&amp#27;[32mThe new monthly payment after refinancing is "&amp#27;[0m&amp#27;[32m&amp#27;[1m1,056&amp#27;[0m&amp#27;[32m"&amp#27;[0m                 &amp#27;[90m# step_definitions.MortgageAndRefinanceSteps.validateNewMonthlyPayment(java.lang.String)&amp#27;[0m
17:26:28.621 [main] &amp#27;[0mINFO  step_definitions.LoginSteps - Close the browser&amp#27;[m
]]></system-out>
    <system-err><![CDATA[1641767177297	geckodriver	INFO	Listening on 127.0.0.1:62237
1641767177330	mozrunner::runner	INFO	Running command: "/Applications/Firefox.app/Contents/MacOS/firefox-bin" "--marionette" "--remote-debugging-port" "54238" "-foreground" "-no-remote" "-profile" "/var/folders/qp/1yxjd8ds0dl181sb3tjn3mnc0000gn/T/rust_mozprofilePMi8T8"
1641767177688	Marionette	INFO	Marionette enabled
console.warn: SearchSettings: "get: No settings file exists, new profile?" (new NotFoundError("Could not open the file at /var/folders/qp/1yxjd8ds0dl181sb3tjn3mnc0000gn/T/rust_mozprofilePMi8T8/search.json.mozlz4", (void 0)))
console.error: BackgroundUpdate: 
  _reasonsToNotScheduleUpdates: Failed to check for Maintenance Service Registry Key: [Exception... "Component returned failure code: 0x80004001 (NS_ERROR_NOT_IMPLEMENTED) [nsIUpdateProcessor.getServiceRegKeyExists]"  nsresult: "0x80004001 (NS_ERROR_NOT_IMPLEMENTED)"  location: "JS frame :: resource://gre/modules/BackgroundUpdate.jsm :: _reasonsToNotScheduleUpdates :: line 243"  data: no]
DevTools listening on ws://localhost:54238/devtools/browser/6dfb69e8-91a3-4935-805a-686b0b270f41
1641767179186	Marionette	INFO	Listening on port 51671
1641767179287	RemoteAgent	WARN	TLS certificate errors will be ignored for this session
Jan 09, 2022 5:26:19 PM org.openqa.selenium.remote.ProtocolHandshake createSession
INFO: Detected dialect: W3C
JavaScript warning: https://pagead2.googlesyndication.com/bg/94IealOMwR7kxf6jS-jGG0uIjJYzj28NIr5mtVGcdhU.js line 1 > eval line 2201 > eval line 1 > eval, line 1: WEBGL_debug_renderer_info is deprecated in Firefox and will be removed. Please use RENDERER.
JavaScript warning: https://pagead2.googlesyndication.com/bg/94IealOMwR7kxf6jS-jGG0uIjJYzj28NIr5mtVGcdhU.js line 1 > eval line 4503 > eval line 1 > eval, line 1: WEBGL_debug_renderer_info is deprecated in Firefox and will be removed. Please use RENDERER.
JavaScript warning: https://static-mortgage.rdc.moveaws.com/_next/static/chunks/pages/_app-39e4992e16821dfb954d.js, line 1: unreachable code after return statement
JavaScript warning: https://static-mortgage.rdc.moveaws.com/_next/static/chunks/pages/_app-39e4992e16821dfb954d.js, line 1: unreachable code after return statement
JavaScript warning: https://static-mortgage.rdc.moveaws.com/_next/static/chunks/pages/_app-39e4992e16821dfb954d.js, line 1: unreachable code after return statement
1641767187928	Marionette	INFO	Stopped listening on port 51671
]]></system-err>
  </testcase>
  <testcase name="Search all rental home in Queens, NY" classname="Rental Functionality" time="14.412">
    <system-out><![CDATA[
Scenario: Search all rental home in Queens, NY                               &amp#27;[90m# src/test/resources/Features/rent.feature:4&amp#27;[0m
17:26:30.662 [main] &amp#27;[0mINFO  step_definitions.LoginSteps - launch the browser&amp#27;[m
  &amp#27;[32mGiven &amp#27;[0m&amp#27;[32muser is in the realtor home page for searching home for rent&amp#27;[0m         &amp#27;[90m# step_definitions.RentSteps.navigateToHomePageForRent()&amp#27;[0m
  &amp#27;[32mAnd &amp#27;[0m&amp#27;[32muser navigate to rent page&amp#27;[0m                                             &amp#27;[90m# step_definitions.RentSteps.navigateToRentPage()&amp#27;[0m
  &amp#27;[32mWhen &amp#27;[0m&amp#27;[32muser type place "&amp#27;[0m&amp#27;[32m&amp#27;[1mQueens,NY&amp#27;[0m&amp#27;[32m" inside search box and click search button&amp#27;[0m &amp#27;[90m# step_definitions.RentSteps.typeOnSearchBoxAndClickSearchIcon(java.lang.String)&amp#27;[0m
  &amp#27;[32mThen &amp#27;[0m&amp#27;[32muser can see all home for rent in Queens, NY&amp#27;[0m                          &amp#27;[90m# step_definitions.RentSteps.userIsNavigatedToRentPage()&amp#27;[0m
17:26:43.035 [main] &amp#27;[0mINFO  step_definitions.LoginSteps - Close the browser&amp#27;[m
]]></system-out>
    <system-err><![CDATA[1641767188651	geckodriver	INFO	Listening on 127.0.0.1:65340
1641767188678	mozrunner::runner	INFO	Running command: "/Applications/Firefox.app/Contents/MacOS/firefox-bin" "--marionette" "--remote-debugging-port" "49164" "-foreground" "-no-remote" "-profile" "/var/folders/qp/1yxjd8ds0dl181sb3tjn3mnc0000gn/T/rust_mozprofile7E9PM0"
1641767189039	Marionette	INFO	Marionette enabled
console.warn: SearchSettings: "get: No settings file exists, new profile?" (new NotFoundError("Could not open the file at /var/folders/qp/1yxjd8ds0dl181sb3tjn3mnc0000gn/T/rust_mozprofile7E9PM0/search.json.mozlz4", (void 0)))
console.error: BackgroundUpdate: 
  _reasonsToNotScheduleUpdates: Failed to check for Maintenance Service Registry Key: [Exception... "Component returned failure code: 0x80004001 (NS_ERROR_NOT_IMPLEMENTED) [nsIUpdateProcessor.getServiceRegKeyExists]"  nsresult: "0x80004001 (NS_ERROR_NOT_IMPLEMENTED)"  location: "JS frame :: resource://gre/modules/BackgroundUpdate.jsm :: _reasonsToNotScheduleUpdates :: line 243"  data: no]
DevTools listening on ws://localhost:49164/devtools/browser/2082daad-2875-49ac-8e7d-550bd8ca70a8
1641767190543	Marionette	INFO	Listening on port 51981
1641767190639	RemoteAgent	WARN	TLS certificate errors will be ignored for this session
Jan 09, 2022 5:26:30 PM org.openqa.selenium.remote.ProtocolHandshake createSession
INFO: Detected dialect: W3C
JavaScript warning: https://pagead2.googlesyndication.com/bg/94IealOMwR7kxf6jS-jGG0uIjJYzj28NIr5mtVGcdhU.js line 1 > eval line 6493 > eval, line 1: WEBGL_debug_renderer_info is deprecated in Firefox and will be removed. Please use RENDERER.
JavaScript warning: https://pagead2.googlesyndication.com/bg/94IealOMwR7kxf6jS-jGG0uIjJYzj28NIr5mtVGcdhU.js line 1 > eval line 6780 > eval line 1 > eval, line 1: WEBGL_debug_renderer_info is deprecated in Firefox and will be removed. Please use RENDERER.
JavaScript warning: https://www.realtor.com/assets/rentals/prod/90f7027/_next/static/chunks/pages/rentals-318e42b012e4faa990a0.js, line 1: unreachable code after return statement
JavaScript warning: https://www.realtor.com/assets/rentals/prod/90f7027/_next/static/chunks/pages/rentals-318e42b012e4faa990a0.js, line 1: unreachable code after return statement
JavaScript warning: https://www.realtor.com/assets/rentals/prod/90f7027/_next/static/chunks/pages/rentals-318e42b012e4faa990a0.js, line 1: unreachable code after return statement
JavaScript warning: https://www.realtor.com/assets/rentals/prod/90f7027/_next/static/chunks/8.5bdfd02d6a1999cde03f.js, line 1: unreachable code after return statement
JavaScript warning: https://www.realtor.com/assets/rentals/prod/90f7027/_next/static/chunks/8.5bdfd02d6a1999cde03f.js, line 1: unreachable code after return statement
JavaScript warning: https://www.realtor.com/assets/rentals/prod/90f7027/_next/static/chunks/8.5bdfd02d6a1999cde03f.js, line 1: unreachable code after return statement
JavaScript warning: https://www.realtor.com/assets/rentals/prod/90f7027/_next/static/chunks/pages/apartments-cedbbb22bfda68ad5c67.js, line 1: unreachable code after return statement
JavaScript warning: https://www.realtor.com/assets/rentals/prod/90f7027/_next/static/chunks/pages/apartments-cedbbb22bfda68ad5c67.js, line 1: unreachable code after return statement
JavaScript warning: https://www.realtor.com/assets/rentals/prod/90f7027/_next/static/chunks/pages/apartments-cedbbb22bfda68ad5c67.js, line 1: unreachable code after return statement
1641767202344	Marionette	INFO	Stopped listening on port 51981

###!!! [Parent][RunMessage] Error: Channel closing: too late to send/recv, messages will be lost

]]></system-err>
  </testcase>
  <testcase name="Searching House by zip code" classname="Searching Functionality" time="9.159">
    <system-out><![CDATA[
Scenario: Searching House by zip code                                          &amp#27;[90m# src/test/resources/Features/searching.feature:4&amp#27;[0m
17:26:45.069 [main] &amp#27;[0mINFO  step_definitions.LoginSteps - launch the browser&amp#27;[m
  &amp#27;[32mGiven &amp#27;[0m&amp#27;[32muser is in home page for searching house&amp#27;[0m                               &amp#27;[90m# step_definitions.SortingSteps.navigateToHomePageForSearch()&amp#27;[0m
  &amp#27;[32mWhen &amp#27;[0m&amp#27;[32muser enter zip code "&amp#27;[0m&amp#27;[32m&amp#27;[1m11365&amp#27;[0m&amp#27;[32m" on search text box and click on search icon&amp#27;[0m &amp#27;[90m# step_definitions.SortingSteps.clickOnSearchIcon(java.lang.String)&amp#27;[0m
  &amp#27;[32mThen &amp#27;[0m&amp#27;[32muser can see all newest listings home&amp#27;[0m                                   &amp#27;[90m# step_definitions.SortingSteps.validateFamilyHome()&amp#27;[0m
17:26:52.197 [main] &amp#27;[0mINFO  step_definitions.LoginSteps - Close the browser&amp#27;[m
]]></system-out>
    <system-err><![CDATA[1641767203062	geckodriver	INFO	Listening on 127.0.0.1:62007
1641767203088	mozrunner::runner	INFO	Running command: "/Applications/Firefox.app/Contents/MacOS/firefox-bin" "--marionette" "--remote-debugging-port" "62530" "-foreground" "-no-remote" "-profile" "/var/folders/qp/1yxjd8ds0dl181sb3tjn3mnc0000gn/T/rust_mozprofilepGCFcE"
1641767203436	Marionette	INFO	Marionette enabled
console.warn: SearchSettings: "get: No settings file exists, new profile?" (new NotFoundError("Could not open the file at /var/folders/qp/1yxjd8ds0dl181sb3tjn3mnc0000gn/T/rust_mozprofilepGCFcE/search.json.mozlz4", (void 0)))
console.error: BackgroundUpdate: 
  _reasonsToNotScheduleUpdates: Failed to check for Maintenance Service Registry Key: [Exception... "Component returned failure code: 0x80004001 (NS_ERROR_NOT_IMPLEMENTED) [nsIUpdateProcessor.getServiceRegKeyExists]"  nsresult: "0x80004001 (NS_ERROR_NOT_IMPLEMENTED)"  location: "JS frame :: resource://gre/modules/BackgroundUpdate.jsm :: _reasonsToNotScheduleUpdates :: line 243"  data: no]
DevTools listening on ws://localhost:62530/devtools/browser/8fc75bf4-12c3-41a8-a402-133ec56357ab
1641767204965	Marionette	INFO	Listening on port 52317
1641767205045	RemoteAgent	WARN	TLS certificate errors will be ignored for this session
Jan 09, 2022 5:26:45 PM org.openqa.selenium.remote.ProtocolHandshake createSession
INFO: Detected dialect: W3C
JavaScript warning: https://pagead2.googlesyndication.com/bg/94IealOMwR7kxf6jS-jGG0uIjJYzj28NIr5mtVGcdhU.js line 1 > eval line 7564 > eval, line 1: WEBGL_debug_renderer_info is deprecated in Firefox and will be removed. Please use RENDERER.
JavaScript warning: https://pagead2.googlesyndication.com/bg/94IealOMwR7kxf6jS-jGG0uIjJYzj28NIr5mtVGcdhU.js line 1 > eval line 5941 > eval, line 1: WEBGL_debug_renderer_info is deprecated in Firefox and will be removed. Please use RENDERER.
1641767211495	Marionette	INFO	Stopped listening on port 52317
JavaScript error: , line 0: TypeError: NetworkError when attempting to fetch resource.
]]></system-err>
  </testcase>
  <testcase name="Sorting Bed Room" classname="Searching Functionality" time="10.343">
    <system-out><![CDATA[
Scenario: Sorting Bed Room                                                     &amp#27;[90m# src/test/resources/Features/searching.feature:8&amp#27;[0m
17:26:54.129 [main] &amp#27;[0mINFO  step_definitions.LoginSteps - launch the browser&amp#27;[m
  &amp#27;[32mGiven &amp#27;[0m&amp#27;[32muser is in home page for searching house&amp#27;[0m                               &amp#27;[90m# step_definitions.SortingSteps.navigateToHomePageForSearch()&amp#27;[0m
  &amp#27;[32mWhen &amp#27;[0m&amp#27;[32muser enter zip code "&amp#27;[0m&amp#27;[32m&amp#27;[1m11423&amp#27;[0m&amp#27;[32m" on search text box and click on search icon&amp#27;[0m &amp#27;[90m# step_definitions.SortingSteps.clickOnSearchIcon(java.lang.String)&amp#27;[0m
  &amp#27;[32mAnd &amp#27;[0m&amp#27;[32muser click on bed tab and select 3 bedroom&amp#27;[0m                               &amp#27;[90m# step_definitions.SortingSteps.clickOnBedTab()&amp#27;[0m
  &amp#27;[32mThen &amp#27;[0m&amp#27;[32muser can see home with 3 bedroom&amp#27;[0m                                        &amp#27;[90m# step_definitions.SortingSteps.validateThreeBedFamilyHome()&amp#27;[0m
17:27:02.540 [main] &amp#27;[0mINFO  step_definitions.LoginSteps - Close the browser&amp#27;[m
]]></system-out>
    <system-err><![CDATA[1641767212222	geckodriver	INFO	Listening on 127.0.0.1:57674
1641767212247	mozrunner::runner	INFO	Running command: "/Applications/Firefox.app/Contents/MacOS/firefox-bin" "--marionette" "--remote-debugging-port" "59889" "-foreground" "-no-remote" "-profile" "/var/folders/qp/1yxjd8ds0dl181sb3tjn3mnc0000gn/T/rust_mozprofileyWiWUm"
1641767212618	Marionette	INFO	Marionette enabled
console.warn: SearchSettings: "get: No settings file exists, new profile?" (new NotFoundError("Could not open the file at /var/folders/qp/1yxjd8ds0dl181sb3tjn3mnc0000gn/T/rust_mozprofileyWiWUm/search.json.mozlz4", (void 0)))
console.error: BackgroundUpdate: 
  _reasonsToNotScheduleUpdates: Failed to check for Maintenance Service Registry Key: [Exception... "Component returned failure code: 0x80004001 (NS_ERROR_NOT_IMPLEMENTED) [nsIUpdateProcessor.getServiceRegKeyExists]"  nsresult: "0x80004001 (NS_ERROR_NOT_IMPLEMENTED)"  location: "JS frame :: resource://gre/modules/BackgroundUpdate.jsm :: _reasonsToNotScheduleUpdates :: line 243"  data: no]
DevTools listening on ws://localhost:59889/devtools/browser/2e99d307-e5bb-4439-824d-43531f4026d6
1641767214018	Marionette	INFO	Listening on port 52626
1641767214102	RemoteAgent	WARN	TLS certificate errors will be ignored for this session
Jan 09, 2022 5:26:54 PM org.openqa.selenium.remote.ProtocolHandshake createSession
INFO: Detected dialect: W3C
JavaScript warning: https://pagead2.googlesyndication.com/bg/5j4VCALLZSHxCC9Q4npotRbCr-J4MtXOxr4dICczkIM.js line 1 > eval line 539 > eval line 1 > eval, line 1: WEBGL_debug_renderer_info is deprecated in Firefox and will be removed. Please use RENDERER.
JavaScript warning: https://pagead2.googlesyndication.com/bg/5j4VCALLZSHxCC9Q4npotRbCr-J4MtXOxr4dICczkIM.js line 1 > eval line 7376 > eval line 1 > eval, line 1: WEBGL_debug_renderer_info is deprecated in Firefox and will be removed. Please use RENDERER.
JavaScript warning: https://www.realtor.com/assets/prod/91a475a/_next/static/chunks/commons.9c00600bc8620bdbc3dc.js, line 1: unreachable code after return statement
JavaScript warning: https://www.realtor.com/assets/prod/91a475a/_next/static/chunks/commons.9c00600bc8620bdbc3dc.js, line 1: unreachable code after return statement
JavaScript warning: https://www.realtor.com/assets/prod/91a475a/_next/static/chunks/commons.9c00600bc8620bdbc3dc.js, line 1: unreachable code after return statement
1641767221892	Marionette	INFO	Stopped listening on port 52626
]]></system-err>
  </testcase>
</testsuite>